<?xml version="1.0" encoding="utf-8" standalone="no"?>
<test-run id="2" testcasecount="0" result="Failed" label="Invalid" total="0" passed="0" failed="0" inconclusive="0" skipped="0" asserts="0" engine-version="3.5.0.0" clr-version="4.0.30319.42000" start-time="2017-03-20 10:07:55Z" end-time="2017-03-20 10:07:55Z" duration="0.006559">
  <command-line><![CDATA[nunit3-console.exe  UnitTests\bin\Debug\UnitTests.dll]]></command-line>
  <test-suite type="Assembly" id="0-1" name="UnitTests.dll" fullname="C:\Users\MAntunes\Documents\Visual Studio 2015\Projects\ProgrammingRefresher\UnitTests\bin\Debug\UnitTests\bin\Debug\UnitTests.dll" testcasecount="0" runstate="NotRunnable" result="Failed" label="Invalid">
    <properties>
      <property name="_SKIPREASON" value="File not found: C:\Users\MAntunes\Documents\Visual Studio 2015\Projects\ProgrammingRefresher\UnitTests\bin\Debug\UnitTests\bin\Debug\UnitTests.dll" />
    </properties>
    <reason>
      <message>File not found: C:\Users\MAntunes\Documents\Visual Studio 2015\Projects\ProgrammingRefresher\UnitTests\bin\Debug\UnitTests\bin\Debug\UnitTests.dll</message>
    </reason>
  </test-suite>
</test-run>