<?xml version="1.0" encoding="utf-8" standalone="no"?>
<test-run id="2" testcasecount="1" result="Passed" total="1" passed="1" failed="0" inconclusive="0" skipped="0" asserts="1" engine-version="3.5.0.0" clr-version="4.0.30319.42000" start-time="2017-03-20 10:08:24Z" end-time="2017-03-20 10:08:24Z" duration="0.109830">
  <command-line><![CDATA[nunit3-console.exe  UnitTests\bin\Debug\UnitTests.dll]]></command-line>
  <test-suite type="Assembly" id="0-1002" name="UnitTests.dll" fullname="C:\Users\MAntunes\Documents\Visual Studio 2015\Projects\ProgrammingRefresher\UnitTests\bin\Debug\UnitTests.dll" runstate="Runnable" testcasecount="1" result="Passed" start-time="2017-03-20 10:08:24Z" end-time="2017-03-20 10:08:24Z" duration="0.062484" total="1" passed="1" failed="0" warnings="0" inconclusive="0" skipped="0" asserts="1">
    <environment framework-version="3.6.0.0" clr-version="4.0.30319.42000" os-version="Microsoft Windows NT 10.0.10586.0" platform="Win32NT" cwd="C:\Users\MAntunes\Documents\Visual Studio 2015\Projects\ProgrammingRefresher" machine-name="LON-7270-033" user="MAntunes" user-domain="FOURTH" culture="en-GB" uiculture="en-US" os-architecture="x64" />
    <settings>
      <setting name="DisposeRunners" value="True" />
      <setting name="WorkDirectory" value="C:\Users\MAntunes\Documents\Visual Studio 2015\Projects\ProgrammingRefresher" />
      <setting name="ImageRuntimeVersion" value="4.0.30319" />
      <setting name="ImageTargetFrameworkName" value=".NETFramework,Version=v4.5.2" />
      <setting name="ImageRequiresX86" value="False" />
      <setting name="ImageRequiresDefaultAppDomainAssemblyResolver" value="False" />
      <setting name="NumberOfTestWorkers" value="4" />
    </settings>
    <properties>
      <property name="_PID" value="6240" />
      <property name="_APPDOMAIN" value="test-domain-" />
    </properties>
    <test-suite type="TestSuite" id="0-1003" name="UnitTest" fullname="UnitTest" runstate="Runnable" testcasecount="1" result="Passed" start-time="2017-03-20 10:08:24Z" end-time="2017-03-20 10:08:24Z" duration="0.038021" total="1" passed="1" failed="0" warnings="0" inconclusive="0" skipped="0" asserts="1">
      <test-suite type="TestFixture" id="0-1000" name="UnitTests" fullname="UnitTest.UnitTests" classname="UnitTest.UnitTests" runstate="Runnable" testcasecount="1" result="Passed" start-time="2017-03-20 10:08:24Z" end-time="2017-03-20 10:08:24Z" duration="0.033208" total="1" passed="1" failed="0" warnings="0" inconclusive="0" skipped="0" asserts="1">
        <test-case id="0-1001" name="ShouldAddTwoNumbers" fullname="UnitTest.UnitTests.ShouldAddTwoNumbers" methodname="ShouldAddTwoNumbers" classname="UnitTest.UnitTests" runstate="Runnable" seed="1082388948" result="Passed" start-time="2017-03-20 10:08:24Z" end-time="2017-03-20 10:08:24Z" duration="0.020288" asserts="1" />
      </test-suite>
    </test-suite>
  </test-suite>
</test-run>